2025/03/19 09:40:58 [notice] 1#1: using the "epoll" event method
2025/03/19 09:40:58 [notice] 1#1: nginx/1.27.4
2025/03/19 09:40:58 [notice] 1#1: built by gcc 12.2.0 (Debian 12.2.0-14) 
2025/03/19 09:40:58 [notice] 1#1: OS: Linux 5.15.167.4-microsoft-standard-WSL2
2025/03/19 09:40:58 [notice] 1#1: getrlimit(RLIMIT_NOFILE): 1048576:1048576
2025/03/19 09:40:58 [notice] 1#1: start worker processes
2025/03/19 09:40:58 [notice] 1#1: start worker process 29
2025/03/19 09:40:58 [notice] 1#1: start worker process 30
2025/03/19 09:40:58 [notice] 1#1: start worker process 31
2025/03/19 09:40:58 [notice] 1#1: start worker process 32
2025/03/19 09:40:58 [notice] 1#1: start worker process 33
2025/03/19 09:40:58 [notice] 1#1: start worker process 34
2025/03/19 09:40:58 [notice] 1#1: start worker process 35
2025/03/19 09:40:58 [notice] 1#1: start worker process 36
2025/03/19 09:40:58 [notice] 1#1: start worker process 37
2025/03/19 09:40:58 [notice] 1#1: start worker process 38
2025/03/19 09:40:58 [notice] 1#1: start worker process 39
2025/03/19 09:40:58 [notice] 1#1: start worker process 40
2025/03/19 09:41:12 [error] 29#29: *1 open() "/usr/share/nginx/html/favicon.ico" failed (2: No such file or directory), client: 172.17.0.1, server: localhost, request: "GET /favicon.ico HTTP/1.1", host: "localhost:8080", referrer: "http://localhost:8080/"
2025/03/19 10:26:51 [notice] 1#1: signal 3 (SIGQUIT) received, shutting down
2025/03/19 10:26:51 [notice] 30#30: gracefully shutting down
2025/03/19 10:26:51 [notice] 30#30: exiting
2025/03/19 10:26:51 [notice] 32#32: gracefully shutting down
2025/03/19 10:26:51 [notice] 34#34: gracefully shutting down
2025/03/19 10:26:51 [notice] 35#35: gracefully shutting down
2025/03/19 10:26:51 [notice] 32#32: exiting
2025/03/19 10:26:51 [notice] 34#34: exiting
2025/03/19 10:26:51 [notice] 35#35: exiting
2025/03/19 10:26:51 [notice] 34#34: exit
2025/03/19 10:26:51 [notice] 35#35: exit
2025/03/19 10:26:51 [notice] 40#40: gracefully shutting down
2025/03/19 10:26:51 [notice] 39#39: gracefully shutting down
2025/03/19 10:26:51 [notice] 38#38: gracefully shutting down
2025/03/19 10:26:51 [notice] 40#40: exiting
2025/03/19 10:26:51 [notice] 38#38: exiting
2025/03/19 10:26:51 [notice] 40#40: exit
2025/03/19 10:26:51 [notice] 39#39: exiting
2025/03/19 10:26:51 [notice] 38#38: exit
2025/03/19 10:26:51 [notice] 39#39: exit
2025/03/19 10:26:51 [notice] 37#37: gracefully shutting down
2025/03/19 10:26:51 [notice] 37#37: exiting
2025/03/19 10:26:51 [notice] 37#37: exit
2025/03/19 10:26:51 [notice] 29#29: gracefully shutting down
2025/03/19 10:26:51 [notice] 32#32: exit
2025/03/19 10:26:51 [notice] 30#30: exit
2025/03/19 10:26:51 [notice] 29#29: exiting
2025/03/19 10:26:51 [notice] 31#31: gracefully shutting down
2025/03/19 10:26:51 [notice] 33#33: gracefully shutting down
2025/03/19 10:26:51 [notice] 31#31: exiting
2025/03/19 10:26:51 [notice] 33#33: exiting
2025/03/19 10:26:51 [notice] 31#31: exit
2025/03/19 10:26:51 [notice] 29#29: exit
2025/03/19 10:26:51 [notice] 33#33: exit
2025/03/19 10:26:51 [notice] 36#36: gracefully shutting down
2025/03/19 10:26:51 [notice] 36#36: exiting
2025/03/19 10:26:51 [notice] 36#36: exit
2025/03/19 10:26:51 [notice] 1#1: signal 17 (SIGCHLD) received from 37
2025/03/19 10:26:51 [notice] 1#1: worker process 37 exited with code 0
2025/03/19 10:26:51 [notice] 1#1: signal 29 (SIGIO) received
2025/03/19 10:26:51 [notice] 1#1: signal 17 (SIGCHLD) received from 29
2025/03/19 10:26:51 [notice] 1#1: worker process 29 exited with code 0
2025/03/19 10:26:51 [notice] 1#1: signal 29 (SIGIO) received
2025/03/19 10:26:51 [notice] 1#1: signal 17 (SIGCHLD) received from 39
2025/03/19 10:26:51 [notice] 1#1: worker process 36 exited with code 0
2025/03/19 10:26:51 [notice] 1#1: worker process 39 exited with code 0
2025/03/19 10:26:51 [notice] 1#1: signal 29 (SIGIO) received
2025/03/19 10:26:51 [notice] 1#1: signal 17 (SIGCHLD) received from 34
2025/03/19 10:26:51 [notice] 1#1: worker process 32 exited with code 0
2025/03/19 10:26:51 [notice] 1#1: worker process 34 exited with code 0
2025/03/19 10:26:51 [notice] 1#1: worker process 38 exited with code 0
2025/03/19 10:26:51 [notice] 1#1: worker process 30 exited with code 0
2025/03/19 10:26:51 [notice] 1#1: signal 29 (SIGIO) received
2025/03/19 10:26:51 [notice] 1#1: signal 17 (SIGCHLD) received from 30
2025/03/19 10:26:51 [notice] 1#1: signal 17 (SIGCHLD) received from 33
2025/03/19 10:26:51 [notice] 1#1: worker process 33 exited with code 0
2025/03/19 10:26:51 [notice] 1#1: signal 29 (SIGIO) received
2025/03/19 10:26:51 [notice] 1#1: signal 17 (SIGCHLD) received from 35
2025/03/19 10:26:51 [notice] 1#1: worker process 35 exited with code 0
2025/03/19 10:26:51 [notice] 1#1: worker process 40 exited with code 0
2025/03/19 10:26:51 [notice] 1#1: signal 29 (SIGIO) received
2025/03/19 10:26:51 [notice] 1#1: signal 17 (SIGCHLD) received from 31
2025/03/19 10:26:51 [notice] 1#1: worker process 31 exited with code 0
2025/03/19 10:26:51 [notice] 1#1: exit
2025/03/19 10:29:23 [notice] 1#1: using the "epoll" event method
2025/03/19 10:29:23 [notice] 1#1: nginx/1.27.4
2025/03/19 10:29:23 [notice] 1#1: built by gcc 12.2.0 (Debian 12.2.0-14) 
2025/03/19 10:29:23 [notice] 1#1: OS: Linux 5.15.167.4-microsoft-standard-WSL2
2025/03/19 10:29:23 [notice] 1#1: getrlimit(RLIMIT_NOFILE): 1048576:1048576
2025/03/19 10:29:23 [notice] 1#1: start worker processes
2025/03/19 10:29:23 [notice] 1#1: start worker process 29
2025/03/19 10:29:23 [notice] 1#1: start worker process 30
2025/03/19 10:29:23 [notice] 1#1: start worker process 31
2025/03/19 10:29:23 [notice] 1#1: start worker process 32
2025/03/19 10:29:23 [notice] 1#1: start worker process 33
2025/03/19 10:29:23 [notice] 1#1: start worker process 34
2025/03/19 10:29:23 [notice] 1#1: start worker process 35
2025/03/19 10:29:23 [notice] 1#1: start worker process 36
2025/03/19 10:29:23 [notice] 1#1: start worker process 37
2025/03/19 10:29:23 [notice] 1#1: start worker process 38
2025/03/19 10:29:23 [notice] 1#1: start worker process 39
2025/03/19 10:29:23 [notice] 1#1: start worker process 40
2025/03/19 10:33:15 [notice] 1#1: signal 3 (SIGQUIT) received, shutting down
2025/03/19 10:33:15 [notice] 29#29: gracefully shutting down
2025/03/19 10:33:15 [notice] 29#29: exiting
2025/03/19 10:33:15 [notice] 30#30: gracefully shutting down
2025/03/19 10:33:15 [notice] 30#30: exiting
2025/03/19 10:33:15 [notice] 31#31: gracefully shutting down
2025/03/19 10:33:15 [notice] 32#32: gracefully shutting down
2025/03/19 10:33:15 [notice] 29#29: exit
2025/03/19 10:33:15 [notice] 31#31: exiting
2025/03/19 10:33:15 [notice] 32#32: exiting
2025/03/19 10:33:15 [notice] 30#30: exit
2025/03/19 10:33:15 [notice] 31#31: exit
2025/03/19 10:33:15 [notice] 36#36: gracefully shutting down
2025/03/19 10:33:15 [notice] 36#36: exiting
2025/03/19 10:33:15 [notice] 33#33: gracefully shutting down
2025/03/19 10:33:15 [notice] 33#33: exiting
2025/03/19 10:33:15 [notice] 36#36: exit
2025/03/19 10:33:15 [notice] 39#39: gracefully shutting down
2025/03/19 10:33:15 [notice] 33#33: exit
2025/03/19 10:33:15 [notice] 39#39: exiting
2025/03/19 10:33:15 [notice] 39#39: exit
2025/03/19 10:33:15 [notice] 32#32: exit
2025/03/19 10:33:15 [notice] 40#40: gracefully shutting down
2025/03/19 10:33:15 [notice] 34#34: gracefully shutting down
2025/03/19 10:33:15 [notice] 35#35: gracefully shutting down
2025/03/19 10:33:15 [notice] 40#40: exiting
2025/03/19 10:33:15 [notice] 34#34: exiting
2025/03/19 10:33:15 [notice] 35#35: exiting
2025/03/19 10:33:15 [notice] 38#38: gracefully shutting down
2025/03/19 10:33:15 [notice] 37#37: gracefully shutting down
2025/03/19 10:33:15 [notice] 40#40: exit
2025/03/19 10:33:15 [notice] 34#34: exit
2025/03/19 10:33:15 [notice] 38#38: exiting
2025/03/19 10:33:15 [notice] 35#35: exit
2025/03/19 10:33:15 [notice] 37#37: exiting
2025/03/19 10:33:15 [notice] 38#38: exit
2025/03/19 10:33:15 [notice] 37#37: exit
2025/03/19 10:33:15 [notice] 1#1: signal 17 (SIGCHLD) received from 40
2025/03/19 10:33:15 [notice] 1#1: worker process 29 exited with code 0
2025/03/19 10:33:15 [notice] 1#1: worker process 40 exited with code 0
2025/03/19 10:33:15 [notice] 1#1: signal 29 (SIGIO) received
2025/03/19 10:33:15 [notice] 1#1: signal 17 (SIGCHLD) received from 32
2025/03/19 10:33:15 [notice] 1#1: worker process 31 exited with code 0
2025/03/19 10:33:15 [notice] 1#1: worker process 32 exited with code 0
2025/03/19 10:33:15 [notice] 1#1: worker process 33 exited with code 0
2025/03/19 10:33:15 [notice] 1#1: worker process 34 exited with code 0
2025/03/19 10:33:15 [notice] 1#1: worker process 36 exited with code 0
2025/03/19 10:33:15 [notice] 1#1: worker process 37 exited with code 0
2025/03/19 10:33:15 [notice] 1#1: signal 29 (SIGIO) received
2025/03/19 10:33:15 [notice] 1#1: signal 17 (SIGCHLD) received from 30
2025/03/19 10:33:15 [notice] 1#1: worker process 30 exited with code 0
2025/03/19 10:33:15 [notice] 1#1: signal 29 (SIGIO) received
2025/03/19 10:33:15 [notice] 1#1: signal 17 (SIGCHLD) received from 39
2025/03/19 10:33:15 [notice] 1#1: worker process 39 exited with code 0
2025/03/19 10:33:15 [notice] 1#1: signal 29 (SIGIO) received
2025/03/19 10:33:15 [notice] 1#1: signal 17 (SIGCHLD) received from 38
2025/03/19 10:33:15 [notice] 1#1: worker process 38 exited with code 0
2025/03/19 10:33:15 [notice] 1#1: signal 29 (SIGIO) received
2025/03/19 10:33:15 [notice] 1#1: signal 17 (SIGCHLD) received from 35
2025/03/19 10:33:15 [notice] 1#1: worker process 35 exited with code 0
2025/03/19 10:33:15 [notice] 1#1: exit
2025/03/19 10:33:32 [notice] 1#1: using the "epoll" event method
2025/03/19 10:33:32 [notice] 1#1: nginx/1.27.4
2025/03/19 10:33:32 [notice] 1#1: built by gcc 12.2.0 (Debian 12.2.0-14) 
2025/03/19 10:33:32 [notice] 1#1: OS: Linux 5.15.167.4-microsoft-standard-WSL2
2025/03/19 10:33:32 [notice] 1#1: getrlimit(RLIMIT_NOFILE): 1048576:1048576
2025/03/19 10:33:32 [notice] 1#1: start worker processes
2025/03/19 10:33:32 [notice] 1#1: start worker process 29
2025/03/19 10:33:32 [notice] 1#1: start worker process 30
2025/03/19 10:33:32 [notice] 1#1: start worker process 31
2025/03/19 10:33:32 [notice] 1#1: start worker process 32
2025/03/19 10:33:32 [notice] 1#1: start worker process 33
2025/03/19 10:33:32 [notice] 1#1: start worker process 34
2025/03/19 10:33:32 [notice] 1#1: start worker process 35
2025/03/19 10:33:32 [notice] 1#1: start worker process 36
2025/03/19 10:33:32 [notice] 1#1: start worker process 37
2025/03/19 10:33:32 [notice] 1#1: start worker process 38
2025/03/19 10:33:32 [notice] 1#1: start worker process 39
2025/03/19 10:33:32 [notice] 1#1: start worker process 40
2025/03/19 10:34:35 [notice] 1#1: signal 3 (SIGQUIT) received, shutting down
2025/03/19 10:34:35 [notice] 29#29: gracefully shutting down
2025/03/19 10:34:35 [notice] 30#30: gracefully shutting down
2025/03/19 10:34:35 [notice] 31#31: gracefully shutting down
2025/03/19 10:34:35 [notice] 32#32: gracefully shutting down
2025/03/19 10:34:35 [notice] 31#31: exiting
2025/03/19 10:34:35 [notice] 30#30: exiting
2025/03/19 10:34:35 [notice] 29#29: exiting
2025/03/19 10:34:35 [notice] 32#32: exiting
2025/03/19 10:34:35 [notice] 29#29: exit
2025/03/19 10:34:35 [notice] 30#30: exit
2025/03/19 10:34:35 [notice] 31#31: exit
2025/03/19 10:34:35 [notice] 32#32: exit
2025/03/19 10:34:35 [notice] 39#39: gracefully shutting down
2025/03/19 10:34:35 [notice] 39#39: exiting
2025/03/19 10:34:35 [notice] 39#39: exit
2025/03/19 10:34:35 [notice] 38#38: gracefully shutting down
2025/03/19 10:34:35 [notice] 38#38: exiting
2025/03/19 10:34:35 [notice] 38#38: exit
2025/03/19 10:34:35 [notice] 33#33: gracefully shutting down
2025/03/19 10:34:35 [notice] 34#34: gracefully shutting down
2025/03/19 10:34:35 [notice] 35#35: gracefully shutting down
2025/03/19 10:34:35 [notice] 33#33: exiting
2025/03/19 10:34:35 [notice] 34#34: exiting
2025/03/19 10:34:35 [notice] 35#35: exiting
2025/03/19 10:34:35 [notice] 34#34: exit
2025/03/19 10:34:35 [notice] 33#33: exit
2025/03/19 10:34:35 [notice] 35#35: exit
2025/03/19 10:34:35 [notice] 40#40: gracefully shutting down
2025/03/19 10:34:35 [notice] 40#40: exiting
2025/03/19 10:34:35 [notice] 40#40: exit
2025/03/19 10:34:35 [notice] 36#36: gracefully shutting down
2025/03/19 10:34:35 [notice] 36#36: exiting
2025/03/19 10:34:35 [notice] 37#37: gracefully shutting down
2025/03/19 10:34:35 [notice] 36#36: exit
2025/03/19 10:34:35 [notice] 37#37: exiting
2025/03/19 10:34:35 [notice] 37#37: exit
2025/03/19 10:34:35 [notice] 1#1: signal 17 (SIGCHLD) received from 38
2025/03/19 10:34:35 [notice] 1#1: worker process 29 exited with code 0
2025/03/19 10:34:35 [notice] 1#1: worker process 30 exited with code 0
2025/03/19 10:34:35 [notice] 1#1: worker process 36 exited with code 0
2025/03/19 10:34:35 [notice] 1#1: worker process 38 exited with code 0
2025/03/19 10:34:35 [notice] 1#1: signal 29 (SIGIO) received
2025/03/19 10:34:35 [notice] 1#1: signal 17 (SIGCHLD) received from 31
2025/03/19 10:34:35 [notice] 1#1: worker process 31 exited with code 0
2025/03/19 10:34:35 [notice] 1#1: signal 29 (SIGIO) received
2025/03/19 10:34:35 [notice] 1#1: signal 17 (SIGCHLD) received from 33
2025/03/19 10:34:35 [notice] 1#1: worker process 33 exited with code 0
2025/03/19 10:34:35 [notice] 1#1: signal 29 (SIGIO) received
2025/03/19 10:34:35 [notice] 1#1: signal 17 (SIGCHLD) received from 32
2025/03/19 10:34:35 [notice] 1#1: worker process 32 exited with code 0
2025/03/19 10:34:35 [notice] 1#1: worker process 34 exited with code 0
2025/03/19 10:34:35 [notice] 1#1: worker process 37 exited with code 0
2025/03/19 10:34:35 [notice] 1#1: signal 29 (SIGIO) received
2025/03/19 10:34:35 [notice] 1#1: signal 17 (SIGCHLD) received from 35
2025/03/19 10:34:35 [notice] 1#1: worker process 35 exited with code 0
2025/03/19 10:34:35 [notice] 1#1: signal 29 (SIGIO) received
2025/03/19 10:34:35 [notice] 1#1: signal 17 (SIGCHLD) received from 39
2025/03/19 10:34:35 [notice] 1#1: worker process 39 exited with code 0
2025/03/19 10:34:35 [notice] 1#1: worker process 40 exited with code 0
2025/03/19 10:34:35 [notice] 1#1: exit
2025/03/19 10:35:49 [notice] 1#1: using the "epoll" event method
2025/03/19 10:35:49 [notice] 1#1: nginx/1.27.4
2025/03/19 10:35:49 [notice] 1#1: built by gcc 12.2.0 (Debian 12.2.0-14) 
2025/03/19 10:35:49 [notice] 1#1: OS: Linux 5.15.167.4-microsoft-standard-WSL2
2025/03/19 10:35:49 [notice] 1#1: getrlimit(RLIMIT_NOFILE): 1048576:1048576
2025/03/19 10:35:49 [notice] 1#1: start worker processes
2025/03/19 10:35:49 [notice] 1#1: start worker process 29
2025/03/19 10:35:49 [notice] 1#1: start worker process 30
2025/03/19 10:35:49 [notice] 1#1: start worker process 31
2025/03/19 10:35:49 [notice] 1#1: start worker process 32
2025/03/19 10:35:49 [notice] 1#1: start worker process 33
2025/03/19 10:35:49 [notice] 1#1: start worker process 34
2025/03/19 10:35:49 [notice] 1#1: start worker process 35
2025/03/19 10:35:49 [notice] 1#1: start worker process 36
2025/03/19 10:35:49 [notice] 1#1: start worker process 37
2025/03/19 10:35:49 [notice] 1#1: start worker process 38
2025/03/19 10:35:49 [notice] 1#1: start worker process 39
2025/03/19 10:35:49 [notice] 1#1: start worker process 40
2025/03/19 10:39:40 [notice] 1#1: signal 3 (SIGQUIT) received, shutting down
2025/03/19 10:39:40 [notice] 29#29: gracefully shutting down
2025/03/19 10:39:40 [notice] 30#30: gracefully shutting down
2025/03/19 10:39:40 [notice] 31#31: gracefully shutting down
2025/03/19 10:39:40 [notice] 32#32: gracefully shutting down
2025/03/19 10:39:40 [notice] 31#31: exiting
2025/03/19 10:39:40 [notice] 32#32: exiting
2025/03/19 10:39:40 [notice] 31#31: exit
2025/03/19 10:39:40 [notice] 32#32: exit
2025/03/19 10:39:40 [notice] 33#33: gracefully shutting down
2025/03/19 10:39:40 [notice] 36#36: gracefully shutting down
2025/03/19 10:39:40 [notice] 36#36: exiting
2025/03/19 10:39:40 [notice] 37#37: gracefully shutting down
2025/03/19 10:39:40 [notice] 36#36: exit
2025/03/19 10:39:40 [notice] 37#37: exiting
2025/03/19 10:39:40 [notice] 37#37: exit
2025/03/19 10:39:40 [notice] 34#34: gracefully shutting down
2025/03/19 10:39:40 [notice] 34#34: exiting
2025/03/19 10:39:40 [notice] 34#34: exit
2025/03/19 10:39:40 [notice] 30#30: exiting
2025/03/19 10:39:40 [notice] 30#30: exit
2025/03/19 10:39:40 [notice] 29#29: exiting
2025/03/19 10:39:40 [notice] 29#29: exit
2025/03/19 10:39:40 [notice] 38#38: gracefully shutting down
2025/03/19 10:39:40 [notice] 38#38: exiting
2025/03/19 10:39:40 [notice] 40#40: gracefully shutting down
2025/03/19 10:39:40 [notice] 38#38: exit
2025/03/19 10:39:40 [notice] 33#33: exiting
2025/03/19 10:39:40 [notice] 33#33: exit
2025/03/19 10:39:40 [notice] 35#35: gracefully shutting down
2025/03/19 10:39:40 [notice] 35#35: exiting
2025/03/19 10:39:40 [notice] 35#35: exit
2025/03/19 10:39:40 [notice] 39#39: gracefully shutting down
2025/03/19 10:39:40 [notice] 39#39: exiting
2025/03/19 10:39:40 [notice] 39#39: exit
2025/03/19 10:39:40 [notice] 40#40: exiting
2025/03/19 10:39:40 [notice] 40#40: exit
2025/03/19 10:39:40 [notice] 1#1: signal 17 (SIGCHLD) received from 35
2025/03/19 10:39:40 [notice] 1#1: worker process 31 exited with code 0
2025/03/19 10:39:40 [notice] 1#1: worker process 35 exited with code 0
2025/03/19 10:39:40 [notice] 1#1: worker process 36 exited with code 0
2025/03/19 10:39:40 [notice] 1#1: signal 29 (SIGIO) received
2025/03/19 10:39:40 [notice] 1#1: signal 17 (SIGCHLD) received from 39
2025/03/19 10:39:40 [notice] 1#1: worker process 39 exited with code 0
2025/03/19 10:39:40 [notice] 1#1: signal 29 (SIGIO) received
2025/03/19 10:39:40 [notice] 1#1: signal 17 (SIGCHLD) received from 33
2025/03/19 10:39:40 [notice] 1#1: worker process 33 exited with code 0
2025/03/19 10:39:40 [notice] 1#1: worker process 37 exited with code 0
2025/03/19 10:39:40 [notice] 1#1: signal 29 (SIGIO) received
2025/03/19 10:39:40 [notice] 1#1: signal 17 (SIGCHLD) received from 37
2025/03/19 10:39:40 [notice] 1#1: signal 17 (SIGCHLD) received from 40
2025/03/19 10:39:40 [notice] 1#1: worker process 40 exited with code 0
2025/03/19 10:39:40 [notice] 1#1: signal 29 (SIGIO) received
2025/03/19 10:39:40 [notice] 1#1: signal 17 (SIGCHLD) received from 34
2025/03/19 10:39:40 [notice] 1#1: worker process 34 exited with code 0
2025/03/19 10:39:40 [notice] 1#1: worker process 38 exited with code 0
2025/03/19 10:39:40 [notice] 1#1: worker process 32 exited with code 0
2025/03/19 10:39:40 [notice] 1#1: signal 29 (SIGIO) received
2025/03/19 10:39:40 [notice] 1#1: signal 17 (SIGCHLD) received from 32
2025/03/19 10:39:40 [notice] 1#1: signal 17 (SIGCHLD) received from 30
2025/03/19 10:39:40 [notice] 1#1: worker process 29 exited with code 0
2025/03/19 10:39:40 [notice] 1#1: worker process 30 exited with code 0
2025/03/19 10:39:40 [notice] 1#1: exit
2025/03/19 10:39:49 [notice] 1#1: using the "epoll" event method
2025/03/19 10:39:49 [notice] 1#1: nginx/1.27.4
2025/03/19 10:39:49 [notice] 1#1: built by gcc 12.2.0 (Debian 12.2.0-14) 
2025/03/19 10:39:49 [notice] 1#1: OS: Linux 5.15.167.4-microsoft-standard-WSL2
2025/03/19 10:39:49 [notice] 1#1: getrlimit(RLIMIT_NOFILE): 1048576:1048576
2025/03/19 10:39:49 [notice] 1#1: start worker processes
2025/03/19 10:39:49 [notice] 1#1: start worker process 29
2025/03/19 10:39:49 [notice] 1#1: start worker process 30
2025/03/19 10:39:49 [notice] 1#1: start worker process 31
2025/03/19 10:39:49 [notice] 1#1: start worker process 32
2025/03/19 10:39:49 [notice] 1#1: start worker process 33
2025/03/19 10:39:49 [notice] 1#1: start worker process 34
2025/03/19 10:39:49 [notice] 1#1: start worker process 35
2025/03/19 10:39:49 [notice] 1#1: start worker process 36
2025/03/19 10:39:49 [notice] 1#1: start worker process 37
2025/03/19 10:39:49 [notice] 1#1: start worker process 38
2025/03/19 10:39:49 [notice] 1#1: start worker process 39
2025/03/19 10:39:49 [notice] 1#1: start worker process 40
2025/03/19 10:40:32 [notice] 1#1: signal 3 (SIGQUIT) received, shutting down
2025/03/19 10:40:32 [notice] 29#29: gracefully shutting down
2025/03/19 10:40:32 [notice] 34#34: gracefully shutting down
2025/03/19 10:40:32 [notice] 34#34: exiting
2025/03/19 10:40:32 [notice] 29#29: exiting
2025/03/19 10:40:32 [notice] 34#34: exit
2025/03/19 10:40:32 [notice] 39#39: gracefully shutting down
2025/03/19 10:40:32 [notice] 29#29: exit
2025/03/19 10:40:32 [notice] 39#39: exiting
2025/03/19 10:40:32 [notice] 39#39: exit
2025/03/19 10:40:32 [notice] 31#31: gracefully shutting down
2025/03/19 10:40:32 [notice] 31#31: exiting
2025/03/19 10:40:32 [notice] 31#31: exit
2025/03/19 10:40:32 [notice] 30#30: gracefully shutting down
2025/03/19 10:40:32 [notice] 32#32: gracefully shutting down
2025/03/19 10:40:32 [notice] 30#30: exiting
2025/03/19 10:40:32 [notice] 32#32: exiting
2025/03/19 10:40:32 [notice] 30#30: exit
2025/03/19 10:40:32 [notice] 32#32: exit
2025/03/19 10:40:32 [notice] 38#38: gracefully shutting down
2025/03/19 10:40:32 [notice] 38#38: exiting
2025/03/19 10:40:32 [notice] 38#38: exit
2025/03/19 10:40:32 [notice] 33#33: gracefully shutting down
2025/03/19 10:40:32 [notice] 33#33: exiting
2025/03/19 10:40:32 [notice] 33#33: exit
2025/03/19 10:40:32 [notice] 35#35: gracefully shutting down
2025/03/19 10:40:32 [notice] 35#35: exiting
2025/03/19 10:40:32 [notice] 35#35: exit
2025/03/19 10:40:32 [notice] 36#36: gracefully shutting down
2025/03/19 10:40:32 [notice] 36#36: exiting
2025/03/19 10:40:32 [notice] 40#40: gracefully shutting down
2025/03/19 10:40:32 [notice] 40#40: exiting
2025/03/19 10:40:32 [notice] 36#36: exit
2025/03/19 10:40:32 [notice] 40#40: exit
2025/03/19 10:40:32 [notice] 37#37: gracefully shutting down
2025/03/19 10:40:32 [notice] 37#37: exiting
2025/03/19 10:40:32 [notice] 37#37: exit
2025/03/19 10:40:32 [notice] 1#1: signal 17 (SIGCHLD) received from 31
2025/03/19 10:40:32 [notice] 1#1: worker process 31 exited with code 0
2025/03/19 10:40:32 [notice] 1#1: worker process 37 exited with code 0
2025/03/19 10:40:32 [notice] 1#1: signal 29 (SIGIO) received
2025/03/19 10:40:32 [notice] 1#1: signal 17 (SIGCHLD) received from 37
2025/03/19 10:40:32 [notice] 1#1: signal 17 (SIGCHLD) received from 34
2025/03/19 10:40:32 [notice] 1#1: worker process 30 exited with code 0
2025/03/19 10:40:32 [notice] 1#1: worker process 32 exited with code 0
2025/03/19 10:40:32 [notice] 1#1: worker process 33 exited with code 0
2025/03/19 10:40:32 [notice] 1#1: worker process 34 exited with code 0
2025/03/19 10:40:32 [notice] 1#1: worker process 38 exited with code 0
2025/03/19 10:40:32 [notice] 1#1: worker process 39 exited with code 0
2025/03/19 10:40:32 [notice] 1#1: worker process 40 exited with code 0
2025/03/19 10:40:32 [notice] 1#1: signal 29 (SIGIO) received
2025/03/19 10:40:32 [notice] 1#1: signal 17 (SIGCHLD) received from 35
2025/03/19 10:40:32 [notice] 1#1: worker process 35 exited with code 0
2025/03/19 10:40:32 [notice] 1#1: worker process 36 exited with code 0
2025/03/19 10:40:32 [notice] 1#1: signal 29 (SIGIO) received
2025/03/19 10:40:32 [notice] 1#1: signal 17 (SIGCHLD) received from 29
2025/03/19 10:40:32 [notice] 1#1: worker process 29 exited with code 0
2025/03/19 10:40:32 [notice] 1#1: exit
2025/03/19 10:41:31 [notice] 1#1: using the "epoll" event method
2025/03/19 10:41:31 [notice] 1#1: nginx/1.27.4
2025/03/19 10:41:31 [notice] 1#1: built by gcc 12.2.0 (Debian 12.2.0-14) 
2025/03/19 10:41:31 [notice] 1#1: OS: Linux 5.15.167.4-microsoft-standard-WSL2
2025/03/19 10:41:31 [notice] 1#1: getrlimit(RLIMIT_NOFILE): 1048576:1048576
2025/03/19 10:41:31 [notice] 1#1: start worker processes
2025/03/19 10:41:31 [notice] 1#1: start worker process 29
2025/03/19 10:41:31 [notice] 1#1: start worker process 30
2025/03/19 10:41:31 [notice] 1#1: start worker process 31
2025/03/19 10:41:31 [notice] 1#1: start worker process 32
2025/03/19 10:41:31 [notice] 1#1: start worker process 33
2025/03/19 10:41:31 [notice] 1#1: start worker process 34
2025/03/19 10:41:31 [notice] 1#1: start worker process 35
2025/03/19 10:41:31 [notice] 1#1: start worker process 36
2025/03/19 10:41:31 [notice] 1#1: start worker process 37
2025/03/19 10:41:31 [notice] 1#1: start worker process 38
2025/03/19 10:41:31 [notice] 1#1: start worker process 39
2025/03/19 10:41:31 [notice] 1#1: start worker process 40
2025/03/19 10:42:07 [notice] 1#1: signal 3 (SIGQUIT) received, shutting down
2025/03/19 10:42:07 [notice] 31#31: gracefully shutting down
2025/03/19 10:42:07 [notice] 39#39: gracefully shutting down
2025/03/19 10:42:07 [notice] 31#31: exiting
2025/03/19 10:42:07 [notice] 39#39: exiting
2025/03/19 10:42:07 [notice] 39#39: exit
2025/03/19 10:42:07 [notice] 31#31: exit
2025/03/19 10:42:07 [notice] 40#40: gracefully shutting down
2025/03/19 10:42:07 [notice] 40#40: exiting
2025/03/19 10:42:07 [notice] 40#40: exit
2025/03/19 10:42:07 [notice] 33#33: gracefully shutting down
2025/03/19 10:42:07 [notice] 33#33: exiting
2025/03/19 10:42:07 [notice] 29#29: gracefully shutting down
2025/03/19 10:42:07 [notice] 33#33: exit
2025/03/19 10:42:07 [notice] 38#38: gracefully shutting down
2025/03/19 10:42:07 [notice] 38#38: exiting
2025/03/19 10:42:07 [notice] 38#38: exit
2025/03/19 10:42:07 [notice] 30#30: gracefully shutting down
2025/03/19 10:42:07 [notice] 32#32: gracefully shutting down
2025/03/19 10:42:07 [notice] 32#32: exiting
2025/03/19 10:42:07 [notice] 32#32: exit
2025/03/19 10:42:07 [notice] 34#34: gracefully shutting down
2025/03/19 10:42:07 [notice] 34#34: exiting
2025/03/19 10:42:07 [notice] 34#34: exit
2025/03/19 10:42:07 [notice] 35#35: gracefully shutting down
2025/03/19 10:42:07 [notice] 35#35: exiting
2025/03/19 10:42:07 [notice] 35#35: exit
2025/03/19 10:42:07 [notice] 36#36: gracefully shutting down
2025/03/19 10:42:07 [notice] 36#36: exiting
2025/03/19 10:42:07 [notice] 36#36: exit
2025/03/19 10:42:07 [notice] 37#37: gracefully shutting down
2025/03/19 10:42:07 [notice] 37#37: exiting
2025/03/19 10:42:07 [notice] 37#37: exit
2025/03/19 10:42:07 [notice] 30#30: exiting
2025/03/19 10:42:07 [notice] 30#30: exit
2025/03/19 10:42:07 [notice] 1#1: signal 17 (SIGCHLD) received from 33
2025/03/19 10:42:07 [notice] 1#1: worker process 33 exited with code 0
2025/03/19 10:42:07 [notice] 1#1: signal 29 (SIGIO) received
2025/03/19 10:42:07 [notice] 1#1: signal 17 (SIGCHLD) received from 35
2025/03/19 10:42:07 [notice] 1#1: worker process 35 exited with code 0
2025/03/19 10:42:07 [notice] 1#1: worker process 37 exited with code 0
2025/03/19 10:42:07 [notice] 1#1: worker process 39 exited with code 0
2025/03/19 10:42:07 [notice] 1#1: signal 29 (SIGIO) received
2025/03/19 10:42:07 [notice] 1#1: signal 17 (SIGCHLD) received from 37
2025/03/19 10:42:07 [notice] 1#1: worker process 38 exited with code 0
2025/03/19 10:42:07 [notice] 1#1: signal 29 (SIGIO) received
2025/03/19 10:42:07 [notice] 1#1: signal 17 (SIGCHLD) received from 38
2025/03/19 10:42:07 [notice] 1#1: worker process 31 exited with code 0
2025/03/19 10:42:07 [notice] 1#1: signal 29 (SIGIO) received
2025/03/19 10:42:07 [notice] 1#1: signal 17 (SIGCHLD) received from 36
2025/03/19 10:42:07 [notice] 1#1: worker process 30 exited with code 0
2025/03/19 10:42:07 [notice] 1#1: worker process 36 exited with code 0
2025/03/19 10:42:07 [notice] 1#1: signal 29 (SIGIO) received
2025/03/19 10:42:07 [notice] 1#1: signal 17 (SIGCHLD) received from 40
2025/03/19 10:42:07 [notice] 1#1: worker process 40 exited with code 0
2025/03/19 10:42:07 [notice] 1#1: signal 29 (SIGIO) received
2025/03/19 10:42:07 [notice] 1#1: signal 17 (SIGCHLD) received from 34
2025/03/19 10:42:07 [notice] 1#1: worker process 34 exited with code 0
2025/03/19 10:42:07 [notice] 1#1: signal 29 (SIGIO) received
2025/03/19 10:42:07 [notice] 1#1: signal 17 (SIGCHLD) received from 32
2025/03/19 10:42:07 [notice] 1#1: worker process 32 exited with code 0
2025/03/19 10:42:07 [notice] 1#1: signal 29 (SIGIO) received
2025/03/19 10:43:01 [notice] 1#1: using the "epoll" event method
2025/03/19 10:43:01 [notice] 1#1: nginx/1.27.4
2025/03/19 10:43:01 [notice] 1#1: built by gcc 12.2.0 (Debian 12.2.0-14) 
2025/03/19 10:43:01 [notice] 1#1: OS: Linux 5.15.167.4-microsoft-standard-WSL2
2025/03/19 10:43:01 [notice] 1#1: getrlimit(RLIMIT_NOFILE): 1048576:1048576
2025/03/19 10:43:01 [notice] 1#1: start worker processes
2025/03/19 10:43:01 [notice] 1#1: start worker process 29
2025/03/19 10:43:01 [notice] 1#1: start worker process 30
2025/03/19 10:43:01 [notice] 1#1: start worker process 31
2025/03/19 10:43:01 [notice] 1#1: start worker process 32
2025/03/19 10:43:01 [notice] 1#1: start worker process 33
2025/03/19 10:43:01 [notice] 1#1: start worker process 34
2025/03/19 10:43:01 [notice] 1#1: start worker process 35
2025/03/19 10:43:01 [notice] 1#1: start worker process 36
2025/03/19 10:43:01 [notice] 1#1: start worker process 37
2025/03/19 10:43:01 [notice] 1#1: start worker process 38
2025/03/19 10:43:01 [notice] 1#1: start worker process 39
2025/03/19 10:43:01 [notice] 1#1: start worker process 40
